September 17, 2023 07:50:12PM	ross23	Signed up
September 17, 2023 07:51:30PM	ross23	Login
September 18, 2023 09:39:14AM	ross23	Logout
September 18, 2023 10:09:57AM	ross23	Logout
September 18, 2023 10:10:27AM	dendenden	Login
September 19, 2023 02:36:42AM	dendenden	Login
September 19, 2023 02:38:46AM	dendenden	Logout
September 19, 2023 12:05:37PM	ross23	Login
September 21, 2023 11:55:15AM	ross23	Login
September 21, 2023 12:11:20PM	ross23	Edited Account Details
September 21, 2023 12:12:09PM	ross23	Edited Account Details
September 21, 2023 02:38:54PM	ross23	Login
September 21, 2023 02:41:29PM	ross23	Login
September 21, 2023 02:51:26PM	ross23	Edited Account Details
September 21, 2023 02:51:34PM	ross23	Edited Account Details
September 21, 2023 02:58:03PM	ross23	Logout
September 24, 2023 03:12:47AM	dendenden	Login
September 24, 2023 03:18:25AM	dendenden	Login
September 24, 2023 03:28:48AM	dendenden	Logout
September 24, 2023 03:35:31AM	dendenden	Login
September 24, 2023 03:35:35AM	dendenden	Logout
September 24, 2023 03:53:39AM	dendenden	Login
September 24, 2023 04:37:01AM	dendenden	Login
September 24, 2023 04:40:47AM	dendenden	Login
September 28, 2023 01:45:15AM	dendenden	Login
September 28, 2023 02:55:53AM	dendenden	Login
September 28, 2023 03:38:01AM	dendenden	Login
October 19, 2023 08:42:02PM	dendenden	Logout
October 19, 2023 09:16:32PM	dendenden	Login
October 19, 2023 09:17:11PM	dendenden	Logout
October 19, 2023 09:17:22PM	dendenden	Login
October 19, 2023 09:25:24PM	dendenden	Logout
October 19, 2023 10:01:10PM	dendenden	Login
October 19, 2023 10:01:14PM	dendenden	Logout
October 19, 2023 10:13:29PM	dendenden	Login
October 19, 2023 10:14:36PM	dendenden	Logout
October 19, 2023 10:15:09PM	dendenden	Login
October 19, 2023 11:40:27PM	dendenden	Logout
October 20, 2023 01:46:50AM	dendenden	Login
October 21, 2023 01:37:39AM	dendenden	Login
October 21, 2023 02:44:29AM	dendenden	Login
October 26, 2023 07:23:40AM	ross23	Login
October 26, 2023 07:24:59AM	ross23	Logout
October 26, 2023 07:27:43AM	ross23	Login
October 26, 2023 09:19:34PM	ross23	Edited Account Details
October 26, 2023 09:49:45PM	ross23	Edited Account Details
October 26, 2023 10:45:26PM	ross23	Logout
October 30, 2023 12:43:49PM	ross23	Login
October 30, 2023 12:45:42PM	ross23	Logout
October 30, 2023 12:45:48PM	jds	Login
October 30, 2023 12:45:56PM	jds	Logout
October 30, 2023 12:49:14PM	ross23	Login
October 30, 2023 12:51:08PM	ross23	Logout
October 30, 2023 12:51:52PM	ross23	Login
October 30, 2023 12:53:27PM	ross23	Logout
October 30, 2023 12:53:32PM	jds	Login
October 30, 2023 12:53:41PM	jds	Logout
October 30, 2023 01:39:33PM	jds	Login
October 30, 2023 01:39:57PM	jds	Logout
October 30, 2023 01:40:04PM	ross23	Login
October 30, 2023 01:40:20PM	ross23	Logout
October 30, 2023 01:40:27PM	jds	Login
October 30, 2023 01:40:58PM	jds	Logout
October 31, 2023 11:14:55AM	nicko	Signed up
October 31, 2023 11:17:21AM	kram	Signed up
October 31, 2023 11:22:50AM	nicko	Signed up
October 31, 2023 11:40:51AM	nicko	Signed up
